<?xml version="1.0" encoding="UTF-8"?>
<testsuite xmlns:xsi="http://www.w3.org/2001/XMLSchema-instance" xsi:noNamespaceSchemaLocation="https://maven.apache.org/surefire/maven-surefire-plugin/xsd/surefire-test-report-3.0.xsd" version="3.0" name="com.algonquincollege.cst8277.OrderSystemTestSuite" time="1.552" tests="25" errors="0" skipped="0" failures="0">
  <properties>
    <property name="sun.desktop" value="windows"/>
    <property name="awt.toolkit" value="sun.awt.windows.WToolkit"/>
    <property name="java.specification.version" value="11"/>
    <property name="sun.cpu.isalist" value="amd64"/>
    <property name="sun.jnu.encoding" value="Cp1252"/>
    <property name="java.class.path" value="C:\Users\kimse\Desktop\Level 4\JAVA\JAVA Lab\Java Assign (Group)\20F_GroupAssignment(king)\rest-orderSystem\target\test-classes;C:\Users\kimse\.m2\repository\org\slf4j\jul-to-slf4j\1.7.29\jul-to-slf4j-1.7.29.jar;C:\Users\kimse\.m2\repository\ch\qos\logback\logback-classic\1.2.3\logback-classic-1.2.3.jar;C:\Users\kimse\.m2\repository\ch\qos\logback\logback-core\1.2.3\logback-core-1.2.3.jar;C:\Users\kimse\.m2\repository\jakarta\el\jakarta.el-api\3.0.3\jakarta.el-api-3.0.3.jar;C:\Users\kimse\.m2\repository\jakarta\interceptor\jakarta.interceptor-api\1.2.5\jakarta.interceptor-api-1.2.5.jar;C:\Users\kimse\.m2\repository\org\eclipse\microprofile\config\microprofile-config-api\2.0-RC15\microprofile-config-api-2.0-RC15.jar;C:\Users\kimse\.m2\repository\org\eclipse\microprofile\openapi\microprofile-openapi-api\2.0-RC3\microprofile-openapi-api-2.0-RC3.jar;C:\Users\kimse\.m2\repository\com\fasterxml\jackson\module\jackson-module-jaxb-annotations\2.10.2\jackson-module-jaxb-annotations-2.10.2.jar;C:\Users\kimse\.m2\repository\org\glassfish\jersey\media\jersey-media-json-jackson\2.29.1\jersey-media-json-jackson-2.29.1.jar;C:\Users\kimse\.m2\repository\org\glassfish\jersey\core\jersey-common\2.29.1\jersey-common-2.29.1.jar;C:\Users\kimse\.m2\repository\org\glassfish\hk2\osgi-resource-locator\1.0.3\osgi-resource-locator-1.0.3.jar;C:\Users\kimse\.m2\repository\org\glassfish\jersey\ext\jersey-entity-filtering\2.29.1\jersey-entity-filtering-2.29.1.jar;C:\Users\kimse\.m2\repository\com\fasterxml\jackson\jaxrs\jackson-jaxrs-json-provider\2.10.2\jackson-jaxrs-json-provider-2.10.2.jar;C:\Users\kimse\.m2\repository\com\fasterxml\jackson\jaxrs\jackson-jaxrs-base\2.10.2\jackson-jaxrs-base-2.10.2.jar;C:\Users\kimse\.m2\repository\org\eclipse\persistence\org.eclipse.persistence.antlr\2.7.7\org.eclipse.persistence.antlr-2.7.7.jar;C:\Users\kimse\.m2\repository\org\eclipse\persistence\org.eclipse.persistence.asm\2.7.7\org.eclipse.persistence.asm-2.7.7.jar;C:\Users\kimse\.m2\repository\org\eclipse\persistence\org.eclipse.persistence.core\2.7.7\org.eclipse.persistence.core-2.7.7.jar;C:\Users\kimse\.m2\repository\org\eclipse\persistence\org.eclipse.persistence.jpa\2.7.7\org.eclipse.persistence.jpa-2.7.7.jar;C:\Users\kimse\.m2\repository\org\eclipse\persistence\org.eclipse.persistence.jpa.jpql\2.7.7\org.eclipse.persistence.jpa.jpql-2.7.7.jar;C:\Users\kimse\.m2\repository\org\eclipse\persistence\org.eclipse.persistence.extension\2.7.7\org.eclipse.persistence.extension-2.7.7.jar;C:\Users\kimse\.m2\repository\com\h2database\h2\1.4.200\h2-1.4.200.jar;C:\Users\kimse\.m2\repository\org\junit\jupiter\junit-jupiter\5.6.0\junit-jupiter-5.6.0.jar;C:\Users\kimse\.m2\repository\org\junit\jupiter\junit-jupiter-params\5.6.0\junit-jupiter-params-5.6.0.jar;C:\Users\kimse\.m2\repository\org\junit\jupiter\junit-jupiter-api\5.6.0\junit-jupiter-api-5.6.0.jar;C:\Users\kimse\.m2\repository\org\apiguardian\apiguardian-api\1.1.0\apiguardian-api-1.1.0.jar;C:\Users\kimse\.m2\repository\org\opentest4j\opentest4j\1.2.0\opentest4j-1.2.0.jar;C:\Users\kimse\.m2\repository\org\junit\platform\junit-platform-commons\1.6.0\junit-platform-commons-1.6.0.jar;C:\Users\kimse\.m2\repository\org\junit\jupiter\junit-jupiter-engine\5.6.0\junit-jupiter-engine-5.6.0.jar;C:\Users\kimse\.m2\repository\org\junit\platform\junit-platform-engine\1.6.0\junit-platform-engine-1.6.0.jar;C:\Users\kimse\.m2\repository\org\hamcrest\hamcrest\2.2\hamcrest-2.2.jar;C:\Users\kimse\.m2\repository\org\hamcrest\hamcrest-library\2.2\hamcrest-library-2.2.jar;C:\Users\kimse\.m2\repository\org\hamcrest\hamcrest-core\2.2\hamcrest-core-2.2.jar;C:\Users\kimse\.m2\repository\org\glassfish\jersey\core\jersey-client\2.29\jersey-client-2.29.jar;C:\Users\kimse\.m2\repository\org\glassfish\jersey\inject\jersey-hk2\2.29\jersey-hk2-2.29.jar;C:\Users\kimse\.m2\repository\org\glassfish\hk2\hk2-locator\2.5.0\hk2-locator-2.5.0.jar;C:\Users\kimse\.m2\repository\org\glassfish\hk2\external\aopalliance-repackaged\2.5.0\aopalliance-repackaged-2.5.0.jar;C:\Users\kimse\.m2\repository\org\glassfish\hk2\hk2-api\2.5.0\hk2-api-2.5.0.jar;C:\Users\kimse\.m2\repository\org\glassfish\hk2\hk2-utils\2.5.0\hk2-utils-2.5.0.jar;C:\Users\kimse\.m2\repository\org\javassist\javassist\3.22.0-CR2\javassist-3.22.0-CR2.jar;"/>
    <property name="java.vm.vendor" value="AdoptOpenJDK"/>
    <property name="sun.arch.data.model" value="64"/>
    <property name="user.variant" value=""/>
    <property name="java.vendor.url" value="https://adoptopenjdk.net/"/>
    <property name="user.timezone" value="America/New_York"/>
    <property name="java.vm.specification.version" value="11"/>
    <property name="os.name" value="Windows 10"/>
    <property name="sun.java.launcher" value="SUN_STANDARD"/>
    <property name="user.country" value="US"/>
    <property name="sun.boot.library.path" value="C:\AdoptOpenJDK\jdk-11.0.8.10\bin"/>
    <property name="sun.java.command" value="org.apache.maven.surefire.booter.ForkedBooter C:\Users\kimse\AppData\Local\Temp\surefire1725863721103110475 2020-12-06T18-42-35_338-jvmRun1 surefire18205719792966468583tmp surefire_08799165018908094413tmp"/>
    <property name="jdk.debug" value="release"/>
    <property name="surefire.test.class.path" value="C:\Users\kimse\Desktop\Level 4\JAVA\JAVA Lab\Java Assign (Group)\20F_GroupAssignment(king)\rest-orderSystem\target\test-classes;C:\Users\kimse\.m2\repository\org\slf4j\jul-to-slf4j\1.7.29\jul-to-slf4j-1.7.29.jar;C:\Users\kimse\.m2\repository\ch\qos\logback\logback-classic\1.2.3\logback-classic-1.2.3.jar;C:\Users\kimse\.m2\repository\ch\qos\logback\logback-core\1.2.3\logback-core-1.2.3.jar;C:\Users\kimse\.m2\repository\jakarta\el\jakarta.el-api\3.0.3\jakarta.el-api-3.0.3.jar;C:\Users\kimse\.m2\repository\jakarta\interceptor\jakarta.interceptor-api\1.2.5\jakarta.interceptor-api-1.2.5.jar;C:\Users\kimse\.m2\repository\org\eclipse\microprofile\config\microprofile-config-api\2.0-RC15\microprofile-config-api-2.0-RC15.jar;C:\Users\kimse\.m2\repository\org\eclipse\microprofile\openapi\microprofile-openapi-api\2.0-RC3\microprofile-openapi-api-2.0-RC3.jar;C:\Users\kimse\.m2\repository\com\fasterxml\jackson\module\jackson-module-jaxb-annotations\2.10.2\jackson-module-jaxb-annotations-2.10.2.jar;C:\Users\kimse\.m2\repository\org\glassfish\jersey\media\jersey-media-json-jackson\2.29.1\jersey-media-json-jackson-2.29.1.jar;C:\Users\kimse\.m2\repository\org\glassfish\jersey\core\jersey-common\2.29.1\jersey-common-2.29.1.jar;C:\Users\kimse\.m2\repository\org\glassfish\hk2\osgi-resource-locator\1.0.3\osgi-resource-locator-1.0.3.jar;C:\Users\kimse\.m2\repository\org\glassfish\jersey\ext\jersey-entity-filtering\2.29.1\jersey-entity-filtering-2.29.1.jar;C:\Users\kimse\.m2\repository\com\fasterxml\jackson\jaxrs\jackson-jaxrs-json-provider\2.10.2\jackson-jaxrs-json-provider-2.10.2.jar;C:\Users\kimse\.m2\repository\com\fasterxml\jackson\jaxrs\jackson-jaxrs-base\2.10.2\jackson-jaxrs-base-2.10.2.jar;C:\Users\kimse\.m2\repository\org\eclipse\persistence\org.eclipse.persistence.antlr\2.7.7\org.eclipse.persistence.antlr-2.7.7.jar;C:\Users\kimse\.m2\repository\org\eclipse\persistence\org.eclipse.persistence.asm\2.7.7\org.eclipse.persistence.asm-2.7.7.jar;C:\Users\kimse\.m2\repository\org\eclipse\persistence\org.eclipse.persistence.core\2.7.7\org.eclipse.persistence.core-2.7.7.jar;C:\Users\kimse\.m2\repository\org\eclipse\persistence\org.eclipse.persistence.jpa\2.7.7\org.eclipse.persistence.jpa-2.7.7.jar;C:\Users\kimse\.m2\repository\org\eclipse\persistence\org.eclipse.persistence.jpa.jpql\2.7.7\org.eclipse.persistence.jpa.jpql-2.7.7.jar;C:\Users\kimse\.m2\repository\org\eclipse\persistence\org.eclipse.persistence.extension\2.7.7\org.eclipse.persistence.extension-2.7.7.jar;C:\Users\kimse\.m2\repository\com\h2database\h2\1.4.200\h2-1.4.200.jar;C:\Users\kimse\.m2\repository\org\junit\jupiter\junit-jupiter\5.6.0\junit-jupiter-5.6.0.jar;C:\Users\kimse\.m2\repository\org\junit\jupiter\junit-jupiter-params\5.6.0\junit-jupiter-params-5.6.0.jar;C:\Users\kimse\.m2\repository\org\junit\jupiter\junit-jupiter-api\5.6.0\junit-jupiter-api-5.6.0.jar;C:\Users\kimse\.m2\repository\org\apiguardian\apiguardian-api\1.1.0\apiguardian-api-1.1.0.jar;C:\Users\kimse\.m2\repository\org\opentest4j\opentest4j\1.2.0\opentest4j-1.2.0.jar;C:\Users\kimse\.m2\repository\org\junit\platform\junit-platform-commons\1.6.0\junit-platform-commons-1.6.0.jar;C:\Users\kimse\.m2\repository\org\junit\jupiter\junit-jupiter-engine\5.6.0\junit-jupiter-engine-5.6.0.jar;C:\Users\kimse\.m2\repository\org\junit\platform\junit-platform-engine\1.6.0\junit-platform-engine-1.6.0.jar;C:\Users\kimse\.m2\repository\org\hamcrest\hamcrest\2.2\hamcrest-2.2.jar;C:\Users\kimse\.m2\repository\org\hamcrest\hamcrest-library\2.2\hamcrest-library-2.2.jar;C:\Users\kimse\.m2\repository\org\hamcrest\hamcrest-core\2.2\hamcrest-core-2.2.jar;C:\Users\kimse\.m2\repository\org\glassfish\jersey\core\jersey-client\2.29\jersey-client-2.29.jar;C:\Users\kimse\.m2\repository\org\glassfish\jersey\inject\jersey-hk2\2.29\jersey-hk2-2.29.jar;C:\Users\kimse\.m2\repository\org\glassfish\hk2\hk2-locator\2.5.0\hk2-locator-2.5.0.jar;C:\Users\kimse\.m2\repository\org\glassfish\hk2\external\aopalliance-repackaged\2.5.0\aopalliance-repackaged-2.5.0.jar;C:\Users\kimse\.m2\repository\org\glassfish\hk2\hk2-api\2.5.0\hk2-api-2.5.0.jar;C:\Users\kimse\.m2\repository\org\glassfish\hk2\hk2-utils\2.5.0\hk2-utils-2.5.0.jar;C:\Users\kimse\.m2\repository\org\javassist\javassist\3.22.0-CR2\javassist-3.22.0-CR2.jar;"/>
    <property name="sun.cpu.endian" value="little"/>
    <property name="user.home" value="C:\Users\kimse"/>
    <property name="user.language" value="en"/>
    <property name="java.specification.vendor" value="Oracle Corporation"/>
    <property name="jdk.module.path" value="C:\Users\kimse\Desktop\Level 4\JAVA\JAVA Lab\Java Assign (Group)\20F_GroupAssignment(king)\rest-orderSystem\target\classes;C:\Users\kimse\.m2\repository\org\slf4j\slf4j-api\1.7.29\slf4j-api-1.7.29.jar;C:\Users\kimse\.m2\repository\jakarta\annotation\jakarta.annotation-api\1.3.5\jakarta.annotation-api-1.3.5.jar;C:\Users\kimse\.m2\repository\jakarta\transaction\jakarta.transaction-api\1.3.3\jakarta.transaction-api-1.3.3.jar;C:\Users\kimse\.m2\repository\jakarta\enterprise\jakarta.enterprise.cdi-api\2.0.2\jakarta.enterprise.cdi-api-2.0.2.jar;C:\Users\kimse\.m2\repository\jakarta\ejb\jakarta.ejb-api\3.2.6\jakarta.ejb-api-3.2.6.jar;C:\Users\kimse\.m2\repository\jakarta\inject\jakarta.inject-api\1.0\jakarta.inject-api-1.0.jar;C:\Users\kimse\.m2\repository\jakarta\servlet\jakarta.servlet-api\4.0.2\jakarta.servlet-api-4.0.2.jar;C:\Users\kimse\.m2\repository\org\eclipse\persistence\jakarta.persistence\2.2.3\jakarta.persistence-2.2.3.jar;C:\Users\kimse\.m2\repository\jakarta\security\enterprise\jakarta.security.enterprise-api\1.0.1\jakarta.security.enterprise-api-1.0.1.jar;C:\Users\kimse\.m2\repository\org\glassfish\soteria\jakarta.security.enterprise\1.0.1\jakarta.security.enterprise-1.0.1.jar;C:\Users\kimse\.m2\repository\com\fasterxml\jackson\core\jackson-databind\2.10.2\jackson-databind-2.10.2.jar;C:\Users\kimse\.m2\repository\com\fasterxml\jackson\core\jackson-annotations\2.10.2\jackson-annotations-2.10.2.jar;C:\Users\kimse\.m2\repository\com\fasterxml\jackson\core\jackson-core\2.10.2\jackson-core-2.10.2.jar;C:\Users\kimse\.m2\repository\jakarta\xml\bind\jakarta.xml.bind-api\2.3.2\jakarta.xml.bind-api-2.3.2.jar;C:\Users\kimse\.m2\repository\jakarta\activation\jakarta.activation-api\1.2.1\jakarta.activation-api-1.2.1.jar;C:\Users\kimse\.m2\repository\com\fasterxml\jackson\datatype\jackson-datatype-jsr310\2.10.2\jackson-datatype-jsr310-2.10.2.jar;C:\Users\kimse\.m2\repository\jakarta\ws\rs\jakarta.ws.rs-api\2.1.5\jakarta.ws.rs-api-2.1.5.jar"/>
    <property name="java.version.date" value="2020-07-14"/>
    <property name="java.home" value="C:\AdoptOpenJDK\jdk-11.0.8.10"/>
    <property name="file.separator" value="\"/>
    <property name="basedir" value="C:\Users\kimse\Desktop\Level 4\JAVA\JAVA Lab\Java Assign (Group)\20F_GroupAssignment(king)\rest-orderSystem"/>
    <property name="java.vm.compressedOopsMode" value="Zero based"/>
    <property name="line.separator" value="&#10;"/>
    <property name="java.specification.name" value="Java Platform API Specification"/>
    <property name="java.vm.specification.vendor" value="Oracle Corporation"/>
    <property name="java.awt.graphicsenv" value="sun.awt.Win32GraphicsEnvironment"/>
    <property name="surefire.real.class.path" value="C:\Users\kimse\.m2\repository\org\apache\maven\surefire\surefire-booter\3.0.0-M4\surefire-booter-3.0.0-M4.jar;C:\Users\kimse\.m2\repository\org\apache\maven\surefire\surefire-api\3.0.0-M4\surefire-api-3.0.0-M4.jar;C:\Users\kimse\.m2\repository\org\apache\maven\surefire\surefire-logger-api\3.0.0-M4\surefire-logger-api-3.0.0-M4.jar;C:\Users\kimse\Desktop\Level 4\JAVA\JAVA Lab\Java Assign (Group)\20F_GroupAssignment(king)\rest-orderSystem\target\test-classes;C:\Users\kimse\.m2\repository\org\slf4j\jul-to-slf4j\1.7.29\jul-to-slf4j-1.7.29.jar;C:\Users\kimse\.m2\repository\ch\qos\logback\logback-classic\1.2.3\logback-classic-1.2.3.jar;C:\Users\kimse\.m2\repository\ch\qos\logback\logback-core\1.2.3\logback-core-1.2.3.jar;C:\Users\kimse\.m2\repository\jakarta\el\jakarta.el-api\3.0.3\jakarta.el-api-3.0.3.jar;C:\Users\kimse\.m2\repository\jakarta\interceptor\jakarta.interceptor-api\1.2.5\jakarta.interceptor-api-1.2.5.jar;C:\Users\kimse\.m2\repository\org\eclipse\microprofile\config\microprofile-config-api\2.0-RC15\microprofile-config-api-2.0-RC15.jar;C:\Users\kimse\.m2\repository\org\eclipse\microprofile\openapi\microprofile-openapi-api\2.0-RC3\microprofile-openapi-api-2.0-RC3.jar;C:\Users\kimse\.m2\repository\com\fasterxml\jackson\module\jackson-module-jaxb-annotations\2.10.2\jackson-module-jaxb-annotations-2.10.2.jar;C:\Users\kimse\.m2\repository\org\glassfish\jersey\media\jersey-media-json-jackson\2.29.1\jersey-media-json-jackson-2.29.1.jar;C:\Users\kimse\.m2\repository\org\glassfish\jersey\core\jersey-common\2.29.1\jersey-common-2.29.1.jar;C:\Users\kimse\.m2\repository\org\glassfish\hk2\osgi-resource-locator\1.0.3\osgi-resource-locator-1.0.3.jar;C:\Users\kimse\.m2\repository\org\glassfish\jersey\ext\jersey-entity-filtering\2.29.1\jersey-entity-filtering-2.29.1.jar;C:\Users\kimse\.m2\repository\com\fasterxml\jackson\jaxrs\jackson-jaxrs-json-provider\2.10.2\jackson-jaxrs-json-provider-2.10.2.jar;C:\Users\kimse\.m2\repository\com\fasterxml\jackson\jaxrs\jackson-jaxrs-base\2.10.2\jackson-jaxrs-base-2.10.2.jar;C:\Users\kimse\.m2\repository\org\eclipse\persistence\org.eclipse.persistence.antlr\2.7.7\org.eclipse.persistence.antlr-2.7.7.jar;C:\Users\kimse\.m2\repository\org\eclipse\persistence\org.eclipse.persistence.asm\2.7.7\org.eclipse.persistence.asm-2.7.7.jar;C:\Users\kimse\.m2\repository\org\eclipse\persistence\org.eclipse.persistence.core\2.7.7\org.eclipse.persistence.core-2.7.7.jar;C:\Users\kimse\.m2\repository\org\eclipse\persistence\org.eclipse.persistence.jpa\2.7.7\org.eclipse.persistence.jpa-2.7.7.jar;C:\Users\kimse\.m2\repository\org\eclipse\persistence\org.eclipse.persistence.jpa.jpql\2.7.7\org.eclipse.persistence.jpa.jpql-2.7.7.jar;C:\Users\kimse\.m2\repository\org\eclipse\persistence\org.eclipse.persistence.extension\2.7.7\org.eclipse.persistence.extension-2.7.7.jar;C:\Users\kimse\.m2\repository\com\h2database\h2\1.4.200\h2-1.4.200.jar;C:\Users\kimse\.m2\repository\org\junit\jupiter\junit-jupiter\5.6.0\junit-jupiter-5.6.0.jar;C:\Users\kimse\.m2\repository\org\junit\jupiter\junit-jupiter-params\5.6.0\junit-jupiter-params-5.6.0.jar;C:\Users\kimse\.m2\repository\org\junit\jupiter\junit-jupiter-api\5.6.0\junit-jupiter-api-5.6.0.jar;C:\Users\kimse\.m2\repository\org\apiguardian\apiguardian-api\1.1.0\apiguardian-api-1.1.0.jar;C:\Users\kimse\.m2\repository\org\opentest4j\opentest4j\1.2.0\opentest4j-1.2.0.jar;C:\Users\kimse\.m2\repository\org\junit\platform\junit-platform-commons\1.6.0\junit-platform-commons-1.6.0.jar;C:\Users\kimse\.m2\repository\org\junit\jupiter\junit-jupiter-engine\5.6.0\junit-jupiter-engine-5.6.0.jar;C:\Users\kimse\.m2\repository\org\junit\platform\junit-platform-engine\1.6.0\junit-platform-engine-1.6.0.jar;C:\Users\kimse\.m2\repository\org\hamcrest\hamcrest\2.2\hamcrest-2.2.jar;C:\Users\kimse\.m2\repository\org\hamcrest\hamcrest-library\2.2\hamcrest-library-2.2.jar;C:\Users\kimse\.m2\repository\org\hamcrest\hamcrest-core\2.2\hamcrest-core-2.2.jar;C:\Users\kimse\.m2\repository\org\glassfish\jersey\core\jersey-client\2.29\jersey-client-2.29.jar;C:\Users\kimse\.m2\repository\org\glassfish\jersey\inject\jersey-hk2\2.29\jersey-hk2-2.29.jar;C:\Users\kimse\.m2\repository\org\glassfish\hk2\hk2-locator\2.5.0\hk2-locator-2.5.0.jar;C:\Users\kimse\.m2\repository\org\glassfish\hk2\external\aopalliance-repackaged\2.5.0\aopalliance-repackaged-2.5.0.jar;C:\Users\kimse\.m2\repository\org\glassfish\hk2\hk2-api\2.5.0\hk2-api-2.5.0.jar;C:\Users\kimse\.m2\repository\org\glassfish\hk2\hk2-utils\2.5.0\hk2-utils-2.5.0.jar;C:\Users\kimse\.m2\repository\org\javassist\javassist\3.22.0-CR2\javassist-3.22.0-CR2.jar;C:\Users\kimse\.m2\repository\org\apache\maven\surefire\surefire-junit-platform\3.0.0-M4\surefire-junit-platform-3.0.0-M4.jar;C:\Users\kimse\.m2\repository\org\apache\maven\surefire\common-java5\3.0.0-M4\common-java5-3.0.0-M4.jar;C:\Users\kimse\.m2\repository\org\junit\platform\junit-platform-launcher\1.6.0\junit-platform-launcher-1.6.0.jar"/>
    <property name="user.script" value=""/>
    <property name="sun.management.compiler" value="HotSpot 64-Bit Tiered Compilers"/>
    <property name="java.runtime.version" value="11.0.8+10"/>
    <property name="user.name" value="kimse"/>
    <property name="path.separator" value=";"/>
    <property name="os.version" value="10.0"/>
    <property name="java.runtime.name" value="OpenJDK Runtime Environment"/>
    <property name="file.encoding" value="Cp1252"/>
    <property name="java.vm.name" value="OpenJDK 64-Bit Server VM"/>
    <property name="java.vendor.version" value="AdoptOpenJDK"/>
    <property name="localRepository" value="C:\Users\kimse\.m2\repository"/>
    <property name="java.vendor.url.bug" value="https://github.com/AdoptOpenJDK/openjdk-support/issues"/>
    <property name="java.io.tmpdir" value="C:\Users\kimse\AppData\Local\Temp\"/>
    <property name="java.version" value="11.0.8"/>
    <property name="user.dir" value="C:\Users\kimse\Desktop\Level 4\JAVA\JAVA Lab\Java Assign (Group)\20F_GroupAssignment(king)\rest-orderSystem"/>
    <property name="os.arch" value="amd64"/>
    <property name="java.vm.specification.name" value="Java Virtual Machine Specification"/>
    <property name="java.awt.printerjob" value="sun.awt.windows.WPrinterJob"/>
    <property name="sun.os.patch.level" value=""/>
    <property name="java.library.path" value="C:\AdoptOpenJDK\jdk-11.0.8.10\bin;C:\Windows\Sun\Java\bin;C:\Windows\system32;C:\Windows;C:/AdoptOpenJDK/jdk-11.0.8.10/bin/client;C:/AdoptOpenJDK/jdk-11.0.8.10/bin;C:\app\kimse\product\12.1.0\dbhome_2\bin;C:\app\kimse\product\12.1.0\dbhome_1\bin;C:\AdoptOpenJDK\jdk-11.0.8.10\bin;C:\ProgramData\Oracle\Java\javapath;C:\app\kimse\product\11.2.0\dbhome_1\bin;C:\Program Files (x86)\ActiveState Komodo Edit 6\;C:\Windows\system32;C:\Windows;C:\Windows\System32\Wbem;C:\Windows\System32\WindowsPowerShell\v1.0\;C:\Windows\System32\OpenSSH\;C:\PostgreSQL\pg10\bin;C:\Program Files (x86)\pgmodeler;C:\AdoptOpenJDK\jdk-11.0.8.10\\bin;c:\Program Files (x86)\Microsoft SQL Server\110\Tools\Binn\;c:\Program Files\Microsoft SQL Server\110\Tools\Binn\;c:\Program Files\Microsoft SQL Server\110\DTS\Binn\;c:\Program Files (x86)\Microsoft SQL Server\110\Tools\Binn\ManagementStudio\;c:\Program Files (x86)\Microsoft Visual Studio 10.0\Common7\IDE\PrivateAssemblies\;c:\Program Files (x86)\Microsoft SQL Server\110\DTS\Binn\;C:\Program Files\Microsoft SQL Server\Client SDK\ODBC\130\Tools\Binn\;C:\Program Files (x86)\Microsoft SQL Server\140\Tools\Binn\;C:\Program Files\Microsoft SQL Server\140\Tools\Binn\;C:\Program Files\Microsoft SQL Server\140\DTS\Binn\;C:\Program Files (x86)\Microsoft SQL Server\150\DTS\Binn\;C:\Program Files\Git\cmd;C:\Program Files\Git\mingw64\bin;C:\Program Files\Git\usr\bin;C:\apache-maven-3.6.3\bin;C:\Users\kimse\AppData\Local\Microsoft\WindowsApps;C:\Users\kimse\AppData\Local\GitHubDesktop\bin;C:\20f-cst8277-eclipse\eclipse;;."/>
    <property name="java.vm.info" value="mixed mode"/>
    <property name="java.vendor" value="AdoptOpenJDK"/>
    <property name="java.vm.version" value="11.0.8+10"/>
    <property name="sun.io.unicode.encoding" value="UnicodeLittle"/>
    <property name="java.class.version" value="55.0"/>
  </properties>
  <testcase name="test01_all_customers_with_adminrole" classname="com.algonquincollege.cst8277.OrderSystemTestSuite" time="0.647"/>
  <testcase name="test02_Customer_get1" classname="com.algonquincollege.cst8277.OrderSystemTestSuite" time="0.049"/>
  <testcase name="test03_Customer_get2" classname="com.algonquincollege.cst8277.OrderSystemTestSuite" time="0.038"/>
  <testcase name="test04_Customer_get3" classname="com.algonquincollege.cst8277.OrderSystemTestSuite" time="0.038"/>
  <testcase name="test05_Customer_get4" classname="com.algonquincollege.cst8277.OrderSystemTestSuite" time="0.052"/>
  <testcase name="test06_Customer_get5" classname="com.algonquincollege.cst8277.OrderSystemTestSuite" time="0.032"/>
  <testcase name="test07_Customer_put1" classname="com.algonquincollege.cst8277.OrderSystemTestSuite" time="0.059"/>
  <testcase name="test08_Customer_put2" classname="com.algonquincollege.cst8277.OrderSystemTestSuite" time="0.036"/>
  <testcase name="test09_Customer_post1" classname="com.algonquincollege.cst8277.OrderSystemTestSuite" time="0.043"/>
  <testcase name="test10_Customer_post2" classname="com.algonquincollege.cst8277.OrderSystemTestSuite" time="0.036"/>
  <testcase name="test11_Customer_delete1" classname="com.algonquincollege.cst8277.OrderSystemTestSuite" time="0.032"/>
  <testcase name="test12_Customer_delete2" classname="com.algonquincollege.cst8277.OrderSystemTestSuite" time="0.028"/>
  <testcase name="test13_CustomerIdShippingAdress_get1" classname="com.algonquincollege.cst8277.OrderSystemTestSuite" time="0.019"/>
  <testcase name="test14_CustomerIdShippingAdress_get2" classname="com.algonquincollege.cst8277.OrderSystemTestSuite" time="0.017"/>
  <testcase name="test15_CustomerIdShippingAdress_get3" classname="com.algonquincollege.cst8277.OrderSystemTestSuite" time="0.019"/>
  <testcase name="test16_CustomerIdShippingAdress_get4" classname="com.algonquincollege.cst8277.OrderSystemTestSuite" time="0.024"/>
  <testcase name="test17_CustomerIdShippingAdress_put1" classname="com.algonquincollege.cst8277.OrderSystemTestSuite" time="0.027"/>
  <testcase name="test18_CustomerIdShippingAdress_put2" classname="com.algonquincollege.cst8277.OrderSystemTestSuite" time="0.033"/>
  <testcase name="test19_CustomerIdShippingAdress_delete1" classname="com.algonquincollege.cst8277.OrderSystemTestSuite" time="0.026"/>
  <testcase name="test20_CustomerIdShippingAdress_delete2" classname="com.algonquincollege.cst8277.OrderSystemTestSuite" time="0.025"/>
  <testcase name="test21_CustomerIdOrder_get1" classname="com.algonquincollege.cst8277.OrderSystemTestSuite" time="0.02"/>
  <testcase name="test22_CustomerIdOrder_get2" classname="com.algonquincollege.cst8277.OrderSystemTestSuite" time="0.019"/>
  <testcase name="test23_CustomerIdOrder_get3" classname="com.algonquincollege.cst8277.OrderSystemTestSuite" time="0.02"/>
  <testcase name="test24_CustomerIdOrder_get4" classname="com.algonquincollege.cst8277.OrderSystemTestSuite" time="0.022"/>
  <testcase name="test25_CustomerIdOrder_get5" classname="com.algonquincollege.cst8277.OrderSystemTestSuite" time="0.016"/>
</testsuite>